2025-08-03 20:08:08.153 [INFO] [main] [LogUtil] - ================================================================================
2025-08-03 20:08:08.158 [INFO] [main] [LogUtil] -                     AUTOMATION SUITE EXECUTION STARTED
2025-08-03 20:08:08.158 [INFO] [main] [LogUtil] - ================================================================================
2025-08-03 20:08:08.158 [INFO] [main] [LogUtil] - Execution Time: 2025-08-03 20:08:07
2025-08-03 20:08:08.158 [INFO] [main] [LogUtil] - Working Directory: C:\Users\Shashikant Sharma\Downloads\cucumber-selenium-testng-project\cucumber-selenium-testng-project
2025-08-03 20:08:08.168 [INFO] [main] [LogUtil] - Java Version: 11.0.27
2025-08-03 20:08:08.169 [INFO] [main] [LogUtil] - OS: Windows 11 10.0
2025-08-03 20:08:08.169 [INFO] [main] [LogUtil] - Logs Directory: C:\Users\Shashikant Sharma\Downloads\cucumber-selenium-testng-project\cucumber-selenium-testng-project\logs
2025-08-03 20:08:08.169 [INFO] [main] [LogUtil] - ================================================================================
2025-08-03 20:08:08.172 [INFO] [main] [LogUtil] - Test statistics collection initialized at: 2025-08-03 20:08:08
2025-08-03 20:08:08.172 [INFO] [main] [LogUtil] - Starting Cucumber Test Execution
2025-08-03 20:08:08.173 [INFO] [main] [LogUtil] - Configuration properties loaded successfully
2025-08-03 20:08:08.174 [INFO] [main] [LogUtil] - Test execution configured with thread count: 1
2025-08-03 20:08:08.587 [INFO] [main] [LogUtil] - ExtentReports initialized: output/reports/ExtentReport.html
2025-08-03 20:08:08.588 [INFO] [main] [LogUtil] - ExtentReports initialized successfully
2025-08-03 20:08:08.590 [INFO] [main] [LogUtil] - Smart screenshot cleanup completed before test suite execution
2025-08-03 20:08:09.422 [INFO] [main] [LogUtil] - Deleted old download directory: downloads_2025-08-03_20-02-23_thread_18
2025-08-03 20:08:09.423 [INFO] [main] [LogUtil] - Deleted old download directory: downloads_2025-08-03_20-01-57_thread_18
2025-08-03 20:08:09.423 [INFO] [main] [LogUtil] - Deleted old download directory: downloads_2025-08-03_20-01-05_thread_18
2025-08-03 20:08:09.425 [INFO] [main] [LogUtil] - Deleted old download directory: downloads_2025-08-03_20-00-26_thread_18
2025-08-03 20:08:09.425 [INFO] [main] [LogUtil] - Cleanup completed. Deleted 4 old download directories
2025-08-03 20:08:09.546 [INFO] [main] [LogUtil] - Configured thread count: 1
2025-08-03 20:08:09.547 [INFO] [main] [LogUtil] - Parallel execution: false
2025-08-03 20:08:09.718 [INFO] [TestNG-PoolService-1] [LogUtil] - ========== Starting Test: Search and purchase smartwatches from multiple brands ==========
2025-08-03 20:08:09.719 [INFO] [TestNG-PoolService-1] [LogUtil] - Setting up test environment
2025-08-03 20:08:09.737 [INFO] [TestNG-PoolService-1] [LogUtil] - Initializing driver for browser: chrome, headless: false
2025-08-03 20:08:09.737 [INFO] [TestNG-PoolService-1] [LogUtil] - Setting up ChromeDriver with headless=false
2025-08-03 20:08:10.292 [INFO] [TestNG-PoolService-1] [LogUtil] - ChromeDriver setup completed
2025-08-03 20:08:10.302 [INFO] [TestNG-PoolService-1] [LogUtil] - Creating Chrome driver with options. Download directory: C:\Users\Shashikant Sharma\Downloads\cucumber-selenium-testng-project\cucumber-selenium-testng-project\output\downloads\downloads_2025-08-03_20-08-10_thread_18
2025-08-03 20:08:12.180 [INFO] [TestNG-PoolService-1] [LogUtil] - Driver initialized successfully for browser: chrome
2025-08-03 20:08:12.233 [INFO] [TestNG-PoolService-1] [LogUtil] - Test setup completed successfully
2025-08-03 20:08:14.111 [INFO] [TestNG-PoolService-1] [LogUtil] - Navigated to URL: https://www.amazon.in
2025-08-03 20:08:14.112 [INFO] [TestNG-PoolService-1] [LogUtil] - Page objects initialized via PageObjectManager
2025-08-03 20:08:14.155 [INFO] [TestNG-PoolService-1] [LogUtil] - Created new page instance for thread 18: AmazonHomePageDynamic
2025-08-03 20:08:14.162 [INFO] [TestNG-PoolService-1] [LogUtil] - Created new page instance for thread 18: AmazonSearchResultsPageDynamic
2025-08-03 20:08:14.169 [INFO] [TestNG-PoolService-1] [LogUtil] - Created new page instance for thread 18: AmazonProductPageDynamic
2025-08-03 20:08:14.169 [INFO] [TestNG-PoolService-1] [LogUtil] - STEP: Wait for Amazon homepage to load completely
2025-08-03 20:08:14.171 [INFO] [TestNG-PoolService-1] [LogUtil] - Waiting for Amazon homepage to load
2025-08-03 20:08:24.472 [INFO] [TestNG-PoolService-1] [LogUtil] - Amazon homepage loaded successfully
2025-08-03 20:08:24.487 [INFO] [TestNG-PoolService-1] [LogUtil] - STEP: Verify Amazon page title contains: Amazon
2025-08-03 20:08:24.510 [INFO] [TestNG-PoolService-1] [LogUtil] - Page title: Online Shopping site in India: Shop Online for Mobiles, Books, Watches, Shoes and More - Amazon.in
2025-08-03 20:08:24.530 [INFO] [TestNG-PoolService-1] [LogUtil] - Page title 'Online Shopping site in India: Shop Online for Mobiles, Books, Watches, Shoes and More - Amazon.in' contains 'Amazon': true
2025-08-03 20:08:24.567 [INFO] [TestNG-PoolService-1] [LogUtil] - Page title verification successful
2025-08-03 20:08:24.572 [INFO] [TestNG-PoolService-1] [LogUtil] - STEP: Enter search term in search box: smartwatches
2025-08-03 20:08:24.574 [INFO] [TestNG-PoolService-1] [LogUtil] - Entering search term: smartwatches
2025-08-03 20:08:24.932 [INFO] [TestNG-PoolService-1] [LogUtil] - Entered text 'smartwatches' in element: By.id: twotabsearchtextbox
2025-08-03 20:08:24.932 [INFO] [TestNG-PoolService-1] [LogUtil] - Search term entered successfully
2025-08-03 20:08:24.934 [INFO] [TestNG-PoolService-1] [LogUtil] - STEP: Click on the search button
2025-08-03 20:08:24.934 [INFO] [TestNG-PoolService-1] [LogUtil] - Clicking search button
2025-08-03 20:08:27.771 [INFO] [TestNG-PoolService-1] [LogUtil] - Clicked on element: By.id: nav-search-submit-button
2025-08-03 20:08:27.774 [INFO] [TestNG-PoolService-1] [LogUtil] - Search button clicked successfully
2025-08-03 20:08:27.778 [INFO] [TestNG-PoolService-1] [LogUtil] - STEP: Verify search results are displayed
2025-08-03 20:08:27.780 [INFO] [TestNG-PoolService-1] [LogUtil] - Checking if search results are displayed
2025-08-03 20:08:27.959 [INFO] [TestNG-PoolService-1] [LogUtil] - Found 22 elements with locator: By.cssSelector: [data-component-type='s-search-result']
2025-08-03 20:08:27.974 [INFO] [TestNG-PoolService-1] [LogUtil] - Search results displayed: true (Found 22 products)
2025-08-03 20:08:27.974 [INFO] [TestNG-PoolService-1] [LogUtil] - Search results verification successful
2025-08-03 20:08:27.976 [INFO] [TestNG-PoolService-1] [LogUtil] - STEP: Apply brand filter for: Noise
2025-08-03 20:08:27.976 [INFO] [TestNG-PoolService-1] [LogUtil] - Applying brand filter for: Noise
2025-08-03 20:08:28.025 [INFO] [TestNG-PoolService-1] [LogUtil] - Scrolled to element: By.id: brandsRefinements
2025-08-03 20:08:31.432 [INFO] [TestNG-PoolService-1] [LogUtil] - Clicked on element: By.xpath: //div[@id='brandsRefinements']//span[text()='Noise']
2025-08-03 20:08:33.435 [INFO] [TestNG-PoolService-1] [LogUtil] - Brand filter applied successfully for: Noise
2025-08-03 20:08:33.435 [INFO] [TestNG-PoolService-1] [LogUtil] - STEP: Set price filter - Min: 1000, Max: 5000
2025-08-03 20:08:33.435 [INFO] [TestNG-PoolService-1] [LogUtil] - Setting price filter: 1000 - 5000
2025-08-03 20:08:36.829 [INFO] [TestNG-PoolService-1] [LogUtil] - Clicked on element: By.xpath: //input[@aria-label='Go - Submit price range']
2025-08-03 20:08:39.869 [INFO] [TestNG-PoolService-1] [LogUtil] - Page refreshed
2025-08-03 20:08:41.876 [INFO] [TestNG-PoolService-1] [LogUtil] - Price filter set successfully
2025-08-03 20:08:41.890 [INFO] [TestNG-PoolService-1] [LogUtil] - STEP: Verify all products are within price range: 1000 - 5000
2025-08-03 20:08:41.891 [INFO] [TestNG-PoolService-1] [LogUtil] - Verifying all products are within price range: 1000 - 5000
2025-08-03 20:08:44.021 [INFO] [TestNG-PoolService-1] [LogUtil] - Price range verification completed. Checked 10 products. All within range: true
2025-08-03 20:08:44.021 [INFO] [TestNG-PoolService-1] [LogUtil] - Price range verification successful
2025-08-03 20:08:44.021 [INFO] [TestNG-PoolService-1] [LogUtil] - STEP: Sort search results by price high to low
2025-08-03 20:08:44.021 [INFO] [TestNG-PoolService-1] [LogUtil] - Sorting by price high to low
2025-08-03 20:08:44.316 [INFO] [TestNG-PoolService-1] [LogUtil] - Clicked on element: By.xpath: //span[contains(@class,'a-dropdown-label')]
2025-08-03 20:08:44.687 [INFO] [TestNG-PoolService-1] [LogUtil] - Clicked on element: By.xpath: //a[contains(text(),'Price: High to Low') or contains(text(),'high to low')]
2025-08-03 20:08:46.691 [INFO] [TestNG-PoolService-1] [LogUtil] - Sorted by price high to low successfully
2025-08-03 20:08:46.691 [INFO] [TestNG-PoolService-1] [LogUtil] - STEP: Click on the product with highest price
2025-08-03 20:08:46.691 [INFO] [TestNG-PoolService-1] [LogUtil] - Clicking on the highest price product
2025-08-03 20:08:47.007 [INFO] [TestNG-PoolService-1] [LogUtil] - Clicked on highest price product successfully
2025-08-03 20:08:47.011 [INFO] [TestNG-PoolService-1] [LogUtil] - STEP: Verify product details page opens in new window
2025-08-03 20:08:47.014 [INFO] [TestNG-PoolService-1] [LogUtil] - Checking if new window is opened
2025-08-03 20:08:47.037 [INFO] [TestNG-PoolService-1] [LogUtil] - New window opened: true (Total windows: 2)
2025-08-03 20:08:47.037 [INFO] [TestNG-PoolService-1] [LogUtil] - New window verification successful
2025-08-03 20:08:47.037 [INFO] [TestNG-PoolService-1] [LogUtil] - STEP: Switch to new product window
2025-08-03 20:08:47.037 [INFO] [TestNG-PoolService-1] [LogUtil] - Switching to new window
2025-08-03 20:08:47.086 [INFO] [TestNG-PoolService-1] [LogUtil] - Switched to window: 07D79164F189D6775B9023CAD0B28161
2025-08-03 20:08:47.086 [INFO] [TestNG-PoolService-1] [LogUtil] - Switched to new window successfully
2025-08-03 20:08:47.090 [INFO] [TestNG-PoolService-1] [LogUtil] - STEP: Verify product details are displayed
2025-08-03 20:08:47.091 [INFO] [TestNG-PoolService-1] [LogUtil] - Checking if product details are displayed
2025-08-03 20:08:55.820 [INFO] [TestNG-PoolService-1] [LogUtil] - Product details displayed: true
2025-08-03 20:08:55.820 [INFO] [TestNG-PoolService-1] [LogUtil] - Product details verification successful
2025-08-03 20:08:55.823 [INFO] [TestNG-PoolService-1] [LogUtil] - STEP: Add product to cart
2025-08-03 20:08:55.825 [INFO] [TestNG-PoolService-1] [LogUtil] - Adding product to cart
2025-08-03 20:08:56.056 [INFO] [TestNG-PoolService-1] [LogUtil] - Scrolled to element: By.cssSelector: #desktop_qualifiedBuyBox #add-to-cart-button
2025-08-03 20:09:01.354 [INFO] [TestNG-PoolService-1] [LogUtil] - Clicked on element: By.cssSelector: #desktop_qualifiedBuyBox #add-to-cart-button
2025-08-03 20:09:01.354 [INFO] [TestNG-PoolService-1] [LogUtil] - Product added to cart successfully
2025-08-03 20:09:01.354 [INFO] [TestNG-PoolService-1] [LogUtil] - STEP: Verify cart count is updated
2025-08-03 20:09:01.354 [INFO] [TestNG-PoolService-1] [LogUtil] - Checking if cart count is updated
2025-08-03 20:09:01.576 [INFO] [TestNG-PoolService-1] [LogUtil] - Retrieved text '1' from element: By.id: nav-cart-count
2025-08-03 20:09:01.576 [INFO] [TestNG-PoolService-1] [LogUtil] - Cart count: 1, Updated: true
2025-08-03 20:09:01.578 [INFO] [TestNG-PoolService-1] [LogUtil] - Cart count update verification successful
2025-08-03 20:09:01.578 [INFO] [TestNG-PoolService-1] [LogUtil] - STEP: Close new window and return to main window
2025-08-03 20:09:01.578 [INFO] [TestNG-PoolService-1] [LogUtil] - Closing current window and switching to main window
2025-08-03 20:09:01.705 [INFO] [TestNG-PoolService-1] [LogUtil] - Current window closed
2025-08-03 20:09:01.712 [INFO] [TestNG-PoolService-1] [LogUtil] - Switched to window: 0221D12F2713F59692074FDF74D427B1
2025-08-03 20:09:01.712 [INFO] [TestNG-PoolService-1] [LogUtil] - Successfully closed product window and returned to main window
2025-08-03 20:09:01.715 [INFO] [TestNG-PoolService-1] [LogUtil] - STEP: Verify back on search results page
2025-08-03 20:09:01.715 [INFO] [TestNG-PoolService-1] [LogUtil] - Checking if search results are displayed
2025-08-03 20:09:01.968 [INFO] [TestNG-PoolService-1] [LogUtil] - Found 24 elements with locator: By.cssSelector: [data-component-type='s-search-result']
2025-08-03 20:09:01.968 [INFO] [TestNG-PoolService-1] [LogUtil] - Search results displayed: true (Found 24 products)
2025-08-03 20:09:01.968 [INFO] [TestNG-PoolService-1] [LogUtil] - Successfully returned to search results page
2025-08-03 20:09:01.971 [INFO] [TestNG-PoolService-1] [LogUtil] - Starting test cleanup for thread: 18
2025-08-03 20:09:02.852 [INFO] [TestNG-PoolService-1] [LogUtil] - Driver closed successfully for thread: 18
2025-08-03 20:09:02.852 [INFO] [TestNG-PoolService-1] [LogUtil] - Download directory cleaned for thread: 18
2025-08-03 20:09:02.852 [INFO] [TestNG-PoolService-1] [LogUtil] - Cleared all page instances for thread: 18
2025-08-03 20:09:02.852 [INFO] [TestNG-PoolService-1] [LogUtil] - Page objects cleared for thread: 18
2025-08-03 20:09:02.852 [INFO] [TestNG-PoolService-1] [LogUtil] - ========== Ending Test: Search and purchase smartwatches from multiple brands ==========
2025-08-03 20:09:02.862 [INFO] [TestNG-PoolService-1] [LogUtil] - Removed ThreadLocal page instances for thread: 18
2025-08-03 20:09:02.862 [INFO] [TestNG-PoolService-1] [LogUtil] - ThreadLocal cleanup completed for thread: 18
2025-08-03 20:09:02.918 [INFO] [TestNG-PoolService-1] [LogUtil] - ========== Starting Test: Search and purchase smartwatches from multiple brands ==========
2025-08-03 20:09:02.918 [INFO] [TestNG-PoolService-1] [LogUtil] - Setting up test environment
2025-08-03 20:09:02.918 [INFO] [TestNG-PoolService-1] [LogUtil] - Initializing driver for browser: chrome, headless: false
2025-08-03 20:09:02.918 [INFO] [TestNG-PoolService-1] [LogUtil] - Setting up ChromeDriver with headless=false
2025-08-03 20:09:02.982 [INFO] [TestNG-PoolService-1] [LogUtil] - ChromeDriver setup completed
2025-08-03 20:09:02.984 [INFO] [TestNG-PoolService-1] [LogUtil] - Creating Chrome driver with options. Download directory: C:\Users\Shashikant Sharma\Downloads\cucumber-selenium-testng-project\cucumber-selenium-testng-project\output\downloads\downloads_2025-08-03_20-09-02_thread_18
2025-08-03 20:09:04.016 [INFO] [TestNG-PoolService-1] [LogUtil] - Driver initialized successfully for browser: chrome
2025-08-03 20:09:04.088 [INFO] [TestNG-PoolService-1] [LogUtil] - Test setup completed successfully
2025-08-03 20:09:05.376 [INFO] [TestNG-PoolService-1] [LogUtil] - Navigated to URL: https://www.amazon.in
2025-08-03 20:09:05.378 [INFO] [TestNG-PoolService-1] [LogUtil] - Page objects initialized via PageObjectManager
2025-08-03 20:09:05.378 [INFO] [TestNG-PoolService-1] [LogUtil] - Created new page instance for thread 18: AmazonHomePageDynamic
2025-08-03 20:09:05.378 [INFO] [TestNG-PoolService-1] [LogUtil] - Created new page instance for thread 18: AmazonSearchResultsPageDynamic
2025-08-03 20:09:05.378 [INFO] [TestNG-PoolService-1] [LogUtil] - Created new page instance for thread 18: AmazonProductPageDynamic
2025-08-03 20:09:05.378 [INFO] [TestNG-PoolService-1] [LogUtil] - STEP: Wait for Amazon homepage to load completely
2025-08-03 20:09:05.378 [INFO] [TestNG-PoolService-1] [LogUtil] - Waiting for Amazon homepage to load
2025-08-03 20:09:08.068 [INFO] [TestNG-PoolService-1] [LogUtil] - Clicked on element: By.xpath: //button[text()='Continue shopping']
2025-08-03 20:09:08.191 [INFO] [TestNG-PoolService-1] [LogUtil] - Amazon homepage loaded successfully
2025-08-03 20:09:08.192 [INFO] [TestNG-PoolService-1] [LogUtil] - STEP: Verify Amazon page title contains: Amazon
2025-08-03 20:09:08.202 [INFO] [TestNG-PoolService-1] [LogUtil] - Page title: Online Shopping site in India: Shop Online for Mobiles, Books, Watches, Shoes and More - Amazon.in
2025-08-03 20:09:08.202 [INFO] [TestNG-PoolService-1] [LogUtil] - Page title 'Online Shopping site in India: Shop Online for Mobiles, Books, Watches, Shoes and More - Amazon.in' contains 'Amazon': true
2025-08-03 20:09:08.210 [INFO] [TestNG-PoolService-1] [LogUtil] - Page title verification successful
2025-08-03 20:09:08.211 [INFO] [TestNG-PoolService-1] [LogUtil] - STEP: Enter search term in search box: smartwatches
2025-08-03 20:09:08.211 [INFO] [TestNG-PoolService-1] [LogUtil] - Entering search term: smartwatches
2025-08-03 20:09:08.479 [INFO] [TestNG-PoolService-1] [LogUtil] - Entered text 'smartwatches' in element: By.id: twotabsearchtextbox
2025-08-03 20:09:08.481 [INFO] [TestNG-PoolService-1] [LogUtil] - Search term entered successfully
2025-08-03 20:09:08.481 [INFO] [TestNG-PoolService-1] [LogUtil] - STEP: Click on the search button
2025-08-03 20:09:08.481 [INFO] [TestNG-PoolService-1] [LogUtil] - Clicking search button
2025-08-03 20:09:12.598 [INFO] [TestNG-PoolService-1] [LogUtil] - Clicked on element: By.id: nav-search-submit-button
2025-08-03 20:09:12.599 [INFO] [TestNG-PoolService-1] [LogUtil] - Search button clicked successfully
2025-08-03 20:09:12.601 [INFO] [TestNG-PoolService-1] [LogUtil] - STEP: Verify search results are displayed
2025-08-03 20:09:12.601 [INFO] [TestNG-PoolService-1] [LogUtil] - Checking if search results are displayed
2025-08-03 20:09:12.700 [INFO] [TestNG-PoolService-1] [LogUtil] - Found 22 elements with locator: By.cssSelector: [data-component-type='s-search-result']
2025-08-03 20:09:12.700 [INFO] [TestNG-PoolService-1] [LogUtil] - Search results displayed: true (Found 22 products)
2025-08-03 20:09:12.701 [INFO] [TestNG-PoolService-1] [LogUtil] - Search results verification successful
2025-08-03 20:09:12.703 [INFO] [TestNG-PoolService-1] [LogUtil] - STEP: Apply brand filter for: boAt
2025-08-03 20:09:12.703 [INFO] [TestNG-PoolService-1] [LogUtil] - Applying brand filter for: boAt
2025-08-03 20:09:12.876 [INFO] [TestNG-PoolService-1] [LogUtil] - Scrolled to element: By.id: brandsRefinements
2025-08-03 20:09:15.834 [INFO] [TestNG-PoolService-1] [LogUtil] - Clicked on element: By.xpath: //div[@id='brandsRefinements']//span[text()='boAt']
2025-08-03 20:09:17.841 [INFO] [TestNG-PoolService-1] [LogUtil] - Brand filter applied successfully for: boAt
2025-08-03 20:09:17.844 [INFO] [TestNG-PoolService-1] [LogUtil] - STEP: Set price filter - Min: 1000, Max: 2000
2025-08-03 20:09:17.845 [INFO] [TestNG-PoolService-1] [LogUtil] - Setting price filter: 1000 - 2000
2025-08-03 20:09:20.784 [INFO] [TestNG-PoolService-1] [LogUtil] - Clicked on element: By.xpath: //input[@aria-label='Go - Submit price range']
2025-08-03 20:09:23.302 [INFO] [TestNG-PoolService-1] [LogUtil] - Page refreshed
2025-08-03 20:09:25.303 [INFO] [TestNG-PoolService-1] [LogUtil] - Price filter set successfully
2025-08-03 20:09:25.306 [INFO] [TestNG-PoolService-1] [LogUtil] - STEP: Verify all products are within price range: 1000 - 2000
2025-08-03 20:09:25.307 [INFO] [TestNG-PoolService-1] [LogUtil] - Verifying all products are within price range: 1000 - 2000
2025-08-03 20:09:26.563 [INFO] [TestNG-PoolService-1] [LogUtil] - Price range verification completed. Checked 10 products. All within range: true
2025-08-03 20:09:26.563 [INFO] [TestNG-PoolService-1] [LogUtil] - Price range verification successful
2025-08-03 20:09:26.564 [INFO] [TestNG-PoolService-1] [LogUtil] - STEP: Sort search results by price high to low
2025-08-03 20:09:26.564 [INFO] [TestNG-PoolService-1] [LogUtil] - Sorting by price high to low
2025-08-03 20:09:26.725 [INFO] [TestNG-PoolService-1] [LogUtil] - Clicked on element: By.xpath: //span[contains(@class,'a-dropdown-label')]
2025-08-03 20:09:27.096 [INFO] [TestNG-PoolService-1] [LogUtil] - Clicked on element: By.xpath: //a[contains(text(),'Price: High to Low') or contains(text(),'high to low')]
2025-08-03 20:09:29.102 [INFO] [TestNG-PoolService-1] [LogUtil] - Sorted by price high to low successfully
2025-08-03 20:09:29.105 [INFO] [TestNG-PoolService-1] [LogUtil] - STEP: Click on the product with highest price
2025-08-03 20:09:29.106 [INFO] [TestNG-PoolService-1] [LogUtil] - Clicking on the highest price product
2025-08-03 20:09:29.379 [INFO] [TestNG-PoolService-1] [LogUtil] - Clicked on highest price product successfully
2025-08-03 20:09:29.379 [INFO] [TestNG-PoolService-1] [LogUtil] - STEP: Verify product details page opens in new window
2025-08-03 20:09:29.380 [INFO] [TestNG-PoolService-1] [LogUtil] - Checking if new window is opened
2025-08-03 20:09:29.392 [INFO] [TestNG-PoolService-1] [LogUtil] - New window opened: true (Total windows: 2)
2025-08-03 20:09:29.392 [INFO] [TestNG-PoolService-1] [LogUtil] - New window verification successful
2025-08-03 20:09:29.393 [INFO] [TestNG-PoolService-1] [LogUtil] - STEP: Switch to new product window
2025-08-03 20:09:29.393 [INFO] [TestNG-PoolService-1] [LogUtil] - Switching to new window
2025-08-03 20:09:29.411 [INFO] [TestNG-PoolService-1] [LogUtil] - Switched to window: 0C5635F4ECA9C93E114AB39AB88ECA57
2025-08-03 20:09:29.411 [INFO] [TestNG-PoolService-1] [LogUtil] - Switched to new window successfully
2025-08-03 20:09:29.413 [INFO] [TestNG-PoolService-1] [LogUtil] - STEP: Verify product details are displayed
2025-08-03 20:09:29.413 [INFO] [TestNG-PoolService-1] [LogUtil] - Checking if product details are displayed
2025-08-03 20:09:34.560 [INFO] [TestNG-PoolService-1] [LogUtil] - Product details displayed: true
2025-08-03 20:09:34.560 [INFO] [TestNG-PoolService-1] [LogUtil] - Product details verification successful
2025-08-03 20:09:34.560 [INFO] [TestNG-PoolService-1] [LogUtil] - STEP: Add product to cart
2025-08-03 20:09:34.561 [INFO] [TestNG-PoolService-1] [LogUtil] - Adding product to cart
2025-08-03 20:09:34.607 [INFO] [TestNG-PoolService-1] [LogUtil] - Scrolled to element: By.cssSelector: #desktop_qualifiedBuyBox #add-to-cart-button
2025-08-03 20:09:36.982 [INFO] [TestNG-PoolService-1] [LogUtil] - Clicked on element: By.cssSelector: #desktop_qualifiedBuyBox #add-to-cart-button
2025-08-03 20:09:36.983 [INFO] [TestNG-PoolService-1] [LogUtil] - Product added to cart successfully
2025-08-03 20:09:36.983 [INFO] [TestNG-PoolService-1] [LogUtil] - STEP: Verify cart count is updated
2025-08-03 20:09:36.985 [INFO] [TestNG-PoolService-1] [LogUtil] - Checking if cart count is updated
2025-08-03 20:09:37.238 [INFO] [TestNG-PoolService-1] [LogUtil] - Retrieved text '1' from element: By.id: nav-cart-count
2025-08-03 20:09:37.239 [INFO] [TestNG-PoolService-1] [LogUtil] - Cart count: 1, Updated: true
2025-08-03 20:09:37.239 [INFO] [TestNG-PoolService-1] [LogUtil] - Cart count update verification successful
2025-08-03 20:09:37.239 [INFO] [TestNG-PoolService-1] [LogUtil] - STEP: Close new window and return to main window
2025-08-03 20:09:37.240 [INFO] [TestNG-PoolService-1] [LogUtil] - Closing current window and switching to main window
2025-08-03 20:09:37.351 [INFO] [TestNG-PoolService-1] [LogUtil] - Current window closed
2025-08-03 20:09:37.364 [INFO] [TestNG-PoolService-1] [LogUtil] - Switched to window: F7A36CC36251AA54F2D16451D7C166A6
2025-08-03 20:09:37.366 [INFO] [TestNG-PoolService-1] [LogUtil] - Successfully closed product window and returned to main window
2025-08-03 20:09:37.367 [INFO] [TestNG-PoolService-1] [LogUtil] - STEP: Verify back on search results page
2025-08-03 20:09:37.368 [INFO] [TestNG-PoolService-1] [LogUtil] - Checking if search results are displayed
2025-08-03 20:09:37.608 [INFO] [TestNG-PoolService-1] [LogUtil] - Found 24 elements with locator: By.cssSelector: [data-component-type='s-search-result']
2025-08-03 20:09:37.608 [INFO] [TestNG-PoolService-1] [LogUtil] - Search results displayed: true (Found 24 products)
2025-08-03 20:09:37.610 [INFO] [TestNG-PoolService-1] [LogUtil] - Successfully returned to search results page
2025-08-03 20:09:37.610 [INFO] [TestNG-PoolService-1] [LogUtil] - Starting test cleanup for thread: 18
2025-08-03 20:09:38.422 [INFO] [TestNG-PoolService-1] [LogUtil] - Driver closed successfully for thread: 18
2025-08-03 20:09:38.423 [INFO] [TestNG-PoolService-1] [LogUtil] - Download directory cleaned for thread: 18
2025-08-03 20:09:38.423 [INFO] [TestNG-PoolService-1] [LogUtil] - Cleared all page instances for thread: 18
2025-08-03 20:09:38.423 [INFO] [TestNG-PoolService-1] [LogUtil] - Page objects cleared for thread: 18
2025-08-03 20:09:38.423 [INFO] [TestNG-PoolService-1] [LogUtil] - ========== Ending Test: Search and purchase smartwatches from multiple brands ==========
2025-08-03 20:09:38.424 [INFO] [TestNG-PoolService-1] [LogUtil] - Removed ThreadLocal page instances for thread: 18
2025-08-03 20:09:38.424 [INFO] [TestNG-PoolService-1] [LogUtil] - ThreadLocal cleanup completed for thread: 18
2025-08-03 20:09:38.437 [INFO] [TestNG-PoolService-1] [LogUtil] - ========== Starting Test: Search and purchase smartwatches from multiple brands ==========
2025-08-03 20:09:38.437 [INFO] [TestNG-PoolService-1] [LogUtil] - Setting up test environment
2025-08-03 20:09:38.437 [INFO] [TestNG-PoolService-1] [LogUtil] - Initializing driver for browser: chrome, headless: false
2025-08-03 20:09:38.437 [INFO] [TestNG-PoolService-1] [LogUtil] - Setting up ChromeDriver with headless=false
2025-08-03 20:09:38.479 [INFO] [TestNG-PoolService-1] [LogUtil] - ChromeDriver setup completed
2025-08-03 20:09:38.481 [INFO] [TestNG-PoolService-1] [LogUtil] - Creating Chrome driver with options. Download directory: C:\Users\Shashikant Sharma\Downloads\cucumber-selenium-testng-project\cucumber-selenium-testng-project\output\downloads\downloads_2025-08-03_20-09-38_thread_18
2025-08-03 20:09:39.530 [INFO] [TestNG-PoolService-1] [LogUtil] - Driver initialized successfully for browser: chrome
2025-08-03 20:09:39.591 [INFO] [TestNG-PoolService-1] [LogUtil] - Test setup completed successfully
2025-08-03 20:09:41.846 [INFO] [TestNG-PoolService-1] [LogUtil] - Navigated to URL: https://www.amazon.in
2025-08-03 20:09:41.847 [INFO] [TestNG-PoolService-1] [LogUtil] - Page objects initialized via PageObjectManager
2025-08-03 20:09:41.849 [INFO] [TestNG-PoolService-1] [LogUtil] - Created new page instance for thread 18: AmazonHomePageDynamic
2025-08-03 20:09:41.850 [INFO] [TestNG-PoolService-1] [LogUtil] - Created new page instance for thread 18: AmazonSearchResultsPageDynamic
2025-08-03 20:09:41.850 [INFO] [TestNG-PoolService-1] [LogUtil] - Created new page instance for thread 18: AmazonProductPageDynamic
2025-08-03 20:09:41.851 [INFO] [TestNG-PoolService-1] [LogUtil] - STEP: Wait for Amazon homepage to load completely
2025-08-03 20:09:41.851 [INFO] [TestNG-PoolService-1] [LogUtil] - Waiting for Amazon homepage to load
2025-08-03 20:09:52.155 [INFO] [TestNG-PoolService-1] [LogUtil] - Amazon homepage loaded successfully
2025-08-03 20:09:52.157 [INFO] [TestNG-PoolService-1] [LogUtil] - STEP: Verify Amazon page title contains: Amazon
2025-08-03 20:09:52.174 [INFO] [TestNG-PoolService-1] [LogUtil] - Page title: Online Shopping site in India: Shop Online for Mobiles, Books, Watches, Shoes and More - Amazon.in
2025-08-03 20:09:52.174 [INFO] [TestNG-PoolService-1] [LogUtil] - Page title 'Online Shopping site in India: Shop Online for Mobiles, Books, Watches, Shoes and More - Amazon.in' contains 'Amazon': true
2025-08-03 20:09:52.188 [INFO] [TestNG-PoolService-1] [LogUtil] - Page title verification successful
2025-08-03 20:09:52.190 [INFO] [TestNG-PoolService-1] [LogUtil] - STEP: Enter search term in search box: smartwatches
2025-08-03 20:09:52.191 [INFO] [TestNG-PoolService-1] [LogUtil] - Entering search term: smartwatches
2025-08-03 20:09:52.725 [INFO] [TestNG-PoolService-1] [LogUtil] - Entered text 'smartwatches' in element: By.id: twotabsearchtextbox
2025-08-03 20:09:52.725 [INFO] [TestNG-PoolService-1] [LogUtil] - Search term entered successfully
2025-08-03 20:09:52.727 [INFO] [TestNG-PoolService-1] [LogUtil] - STEP: Click on the search button
2025-08-03 20:09:52.728 [INFO] [TestNG-PoolService-1] [LogUtil] - Clicking search button
2025-08-03 20:09:56.517 [INFO] [TestNG-PoolService-1] [LogUtil] - Clicked on element: By.id: nav-search-submit-button
2025-08-03 20:09:56.517 [INFO] [TestNG-PoolService-1] [LogUtil] - Search button clicked successfully
2025-08-03 20:09:56.519 [INFO] [TestNG-PoolService-1] [LogUtil] - STEP: Verify search results are displayed
2025-08-03 20:09:56.519 [INFO] [TestNG-PoolService-1] [LogUtil] - Checking if search results are displayed
2025-08-03 20:09:56.616 [INFO] [TestNG-PoolService-1] [LogUtil] - Found 22 elements with locator: By.cssSelector: [data-component-type='s-search-result']
2025-08-03 20:09:56.616 [INFO] [TestNG-PoolService-1] [LogUtil] - Search results displayed: true (Found 22 products)
2025-08-03 20:09:56.617 [INFO] [TestNG-PoolService-1] [LogUtil] - Search results verification successful
2025-08-03 20:09:56.618 [INFO] [TestNG-PoolService-1] [LogUtil] - STEP: Apply brand filter for: Fire-Boltt
2025-08-03 20:09:56.618 [INFO] [TestNG-PoolService-1] [LogUtil] - Applying brand filter for: Fire-Boltt
2025-08-03 20:09:56.783 [INFO] [TestNG-PoolService-1] [LogUtil] - Scrolled to element: By.id: brandsRefinements
2025-08-03 20:09:59.559 [INFO] [TestNG-PoolService-1] [LogUtil] - Clicked on element: By.xpath: //div[@id='brandsRefinements']//span[text()='Fire-Boltt']
2025-08-03 20:10:01.559 [INFO] [TestNG-PoolService-1] [LogUtil] - Brand filter applied successfully for: Fire-Boltt
2025-08-03 20:10:01.562 [INFO] [TestNG-PoolService-1] [LogUtil] - STEP: Set price filter - Min: 1500, Max: 1800
2025-08-03 20:10:01.563 [INFO] [TestNG-PoolService-1] [LogUtil] - Setting price filter: 1500 - 1800
2025-08-03 20:10:04.678 [INFO] [TestNG-PoolService-1] [LogUtil] - Clicked on element: By.xpath: //input[@aria-label='Go - Submit price range']
2025-08-03 20:10:07.609 [INFO] [TestNG-PoolService-1] [LogUtil] - Page refreshed
2025-08-03 20:10:09.625 [INFO] [TestNG-PoolService-1] [LogUtil] - Price filter set successfully
2025-08-03 20:10:09.627 [INFO] [TestNG-PoolService-1] [LogUtil] - STEP: Verify all products are within price range: 1500 - 1800
2025-08-03 20:10:09.627 [INFO] [TestNG-PoolService-1] [LogUtil] - Verifying all products are within price range: 1500 - 1800
2025-08-03 20:10:10.384 [INFO] [TestNG-PoolService-1] [LogUtil] - Price range verification completed. Checked 10 products. All within range: true
2025-08-03 20:10:10.385 [INFO] [TestNG-PoolService-1] [LogUtil] - Price range verification successful
2025-08-03 20:10:10.385 [INFO] [TestNG-PoolService-1] [LogUtil] - STEP: Sort search results by price high to low
2025-08-03 20:10:10.385 [INFO] [TestNG-PoolService-1] [LogUtil] - Sorting by price high to low
2025-08-03 20:10:10.514 [INFO] [TestNG-PoolService-1] [LogUtil] - Clicked on element: By.xpath: //span[contains(@class,'a-dropdown-label')]
2025-08-03 20:10:10.798 [INFO] [TestNG-PoolService-1] [LogUtil] - Clicked on element: By.xpath: //a[contains(text(),'Price: High to Low') or contains(text(),'high to low')]
2025-08-03 20:10:12.808 [INFO] [TestNG-PoolService-1] [LogUtil] - Sorted by price high to low successfully
2025-08-03 20:10:12.811 [INFO] [TestNG-PoolService-1] [LogUtil] - STEP: Click on the product with highest price
2025-08-03 20:10:12.811 [INFO] [TestNG-PoolService-1] [LogUtil] - Clicking on the highest price product
2025-08-03 20:10:13.084 [INFO] [TestNG-PoolService-1] [LogUtil] - Clicked on highest price product successfully
2025-08-03 20:10:13.086 [INFO] [TestNG-PoolService-1] [LogUtil] - STEP: Verify product details page opens in new window
2025-08-03 20:10:13.088 [INFO] [TestNG-PoolService-1] [LogUtil] - Checking if new window is opened
2025-08-03 20:10:13.108 [INFO] [TestNG-PoolService-1] [LogUtil] - New window opened: true (Total windows: 2)
2025-08-03 20:10:13.109 [INFO] [TestNG-PoolService-1] [LogUtil] - New window verification successful
2025-08-03 20:10:13.110 [INFO] [TestNG-PoolService-1] [LogUtil] - STEP: Switch to new product window
2025-08-03 20:10:13.110 [INFO] [TestNG-PoolService-1] [LogUtil] - Switching to new window
2025-08-03 20:10:13.128 [INFO] [TestNG-PoolService-1] [LogUtil] - Switched to window: B0064120538FBC3806C97BB7F6BFFBB2
2025-08-03 20:10:13.128 [INFO] [TestNG-PoolService-1] [LogUtil] - Switched to new window successfully
2025-08-03 20:10:13.130 [INFO] [TestNG-PoolService-1] [LogUtil] - STEP: Verify product details are displayed
2025-08-03 20:10:13.130 [INFO] [TestNG-PoolService-1] [LogUtil] - Checking if product details are displayed
2025-08-03 20:10:18.054 [INFO] [TestNG-PoolService-1] [LogUtil] - Product details displayed: true
2025-08-03 20:10:18.054 [INFO] [TestNG-PoolService-1] [LogUtil] - Product details verification successful
2025-08-03 20:10:18.055 [INFO] [TestNG-PoolService-1] [LogUtil] - STEP: Add product to cart
2025-08-03 20:10:18.055 [INFO] [TestNG-PoolService-1] [LogUtil] - Adding product to cart
2025-08-03 20:10:18.092 [INFO] [TestNG-PoolService-1] [LogUtil] - Scrolled to element: By.cssSelector: #desktop_qualifiedBuyBox #add-to-cart-button
2025-08-03 20:10:20.845 [INFO] [TestNG-PoolService-1] [LogUtil] - Clicked on element: By.cssSelector: #desktop_qualifiedBuyBox #add-to-cart-button
2025-08-03 20:10:20.845 [INFO] [TestNG-PoolService-1] [LogUtil] - Product added to cart successfully
2025-08-03 20:10:20.846 [INFO] [TestNG-PoolService-1] [LogUtil] - STEP: Verify cart count is updated
2025-08-03 20:10:20.846 [INFO] [TestNG-PoolService-1] [LogUtil] - Checking if cart count is updated
2025-08-03 20:10:20.929 [INFO] [TestNG-PoolService-1] [LogUtil] - Retrieved text '1' from element: By.id: nav-cart-count
2025-08-03 20:10:20.929 [INFO] [TestNG-PoolService-1] [LogUtil] - Cart count: 1, Updated: true
2025-08-03 20:10:20.929 [INFO] [TestNG-PoolService-1] [LogUtil] - Cart count update verification successful
2025-08-03 20:10:20.930 [INFO] [TestNG-PoolService-1] [LogUtil] - STEP: Close new window and return to main window
2025-08-03 20:10:20.930 [INFO] [TestNG-PoolService-1] [LogUtil] - Closing current window and switching to main window
2025-08-03 20:10:21.008 [INFO] [TestNG-PoolService-1] [LogUtil] - Current window closed
2025-08-03 20:10:21.019 [INFO] [TestNG-PoolService-1] [LogUtil] - Switched to window: 16DAAF76D06BC549A31261D4F19811A0
2025-08-03 20:10:21.019 [INFO] [TestNG-PoolService-1] [LogUtil] - Successfully closed product window and returned to main window
2025-08-03 20:10:21.020 [INFO] [TestNG-PoolService-1] [LogUtil] - STEP: Verify back on search results page
2025-08-03 20:10:21.020 [INFO] [TestNG-PoolService-1] [LogUtil] - Checking if search results are displayed
2025-08-03 20:10:21.130 [INFO] [TestNG-PoolService-1] [LogUtil] - Found 19 elements with locator: By.cssSelector: [data-component-type='s-search-result']
2025-08-03 20:10:21.130 [INFO] [TestNG-PoolService-1] [LogUtil] - Search results displayed: true (Found 19 products)
2025-08-03 20:10:21.130 [INFO] [TestNG-PoolService-1] [LogUtil] - Successfully returned to search results page
2025-08-03 20:10:21.132 [INFO] [TestNG-PoolService-1] [LogUtil] - Starting test cleanup for thread: 18
2025-08-03 20:10:21.960 [INFO] [TestNG-PoolService-1] [LogUtil] - Driver closed successfully for thread: 18
2025-08-03 20:10:21.961 [INFO] [TestNG-PoolService-1] [LogUtil] - Download directory cleaned for thread: 18
2025-08-03 20:10:21.961 [INFO] [TestNG-PoolService-1] [LogUtil] - Cleared all page instances for thread: 18
2025-08-03 20:10:21.961 [INFO] [TestNG-PoolService-1] [LogUtil] - Page objects cleared for thread: 18
2025-08-03 20:10:21.961 [INFO] [TestNG-PoolService-1] [LogUtil] - ========== Ending Test: Search and purchase smartwatches from multiple brands ==========
2025-08-03 20:10:21.962 [INFO] [TestNG-PoolService-1] [LogUtil] - Removed ThreadLocal page instances for thread: 18
2025-08-03 20:10:21.962 [INFO] [TestNG-PoolService-1] [LogUtil] - ThreadLocal cleanup completed for thread: 18
2025-08-03 20:10:21.975 [INFO] [TestNG-PoolService-1] [LogUtil] - ========== Starting Test: Search and purchase smartwatches from multiple brands ==========
2025-08-03 20:10:21.975 [INFO] [TestNG-PoolService-1] [LogUtil] - Setting up test environment
2025-08-03 20:10:21.975 [INFO] [TestNG-PoolService-1] [LogUtil] - Initializing driver for browser: chrome, headless: false
2025-08-03 20:10:21.975 [INFO] [TestNG-PoolService-1] [LogUtil] - Setting up ChromeDriver with headless=false
2025-08-03 20:10:22.002 [INFO] [TestNG-PoolService-1] [LogUtil] - ChromeDriver setup completed
2025-08-03 20:10:22.002 [INFO] [TestNG-PoolService-1] [LogUtil] - Creating Chrome driver with options. Download directory: C:\Users\Shashikant Sharma\Downloads\cucumber-selenium-testng-project\cucumber-selenium-testng-project\output\downloads\downloads_2025-08-03_20-10-22_thread_18
2025-08-03 20:10:23.137 [INFO] [TestNG-PoolService-1] [LogUtil] - Driver initialized successfully for browser: chrome
2025-08-03 20:10:23.232 [INFO] [TestNG-PoolService-1] [LogUtil] - Test setup completed successfully
2025-08-03 20:10:25.433 [INFO] [TestNG-PoolService-1] [LogUtil] - Navigated to URL: https://www.amazon.in
2025-08-03 20:10:25.434 [INFO] [TestNG-PoolService-1] [LogUtil] - Page objects initialized via PageObjectManager
2025-08-03 20:10:25.436 [INFO] [TestNG-PoolService-1] [LogUtil] - Created new page instance for thread 18: AmazonHomePageDynamic
2025-08-03 20:10:25.437 [INFO] [TestNG-PoolService-1] [LogUtil] - Created new page instance for thread 18: AmazonSearchResultsPageDynamic
2025-08-03 20:10:25.438 [INFO] [TestNG-PoolService-1] [LogUtil] - Created new page instance for thread 18: AmazonProductPageDynamic
2025-08-03 20:10:25.438 [INFO] [TestNG-PoolService-1] [LogUtil] - STEP: Wait for Amazon homepage to load completely
2025-08-03 20:10:25.438 [INFO] [TestNG-PoolService-1] [LogUtil] - Waiting for Amazon homepage to load
2025-08-03 20:10:35.666 [INFO] [TestNG-PoolService-1] [LogUtil] - Amazon homepage loaded successfully
2025-08-03 20:10:35.669 [INFO] [TestNG-PoolService-1] [LogUtil] - STEP: Verify Amazon page title contains: Amazon
2025-08-03 20:10:35.686 [INFO] [TestNG-PoolService-1] [LogUtil] - Page title: Online Shopping site in India: Shop Online for Mobiles, Books, Watches, Shoes and More - Amazon.in
2025-08-03 20:10:35.687 [INFO] [TestNG-PoolService-1] [LogUtil] - Page title 'Online Shopping site in India: Shop Online for Mobiles, Books, Watches, Shoes and More - Amazon.in' contains 'Amazon': true
2025-08-03 20:10:35.704 [INFO] [TestNG-PoolService-1] [LogUtil] - Page title verification successful
2025-08-03 20:10:35.706 [INFO] [TestNG-PoolService-1] [LogUtil] - STEP: Enter search term in search box: smartwatches
2025-08-03 20:10:35.706 [INFO] [TestNG-PoolService-1] [LogUtil] - Entering search term: smartwatches
2025-08-03 20:10:36.175 [INFO] [TestNG-PoolService-1] [LogUtil] - Entered text 'smartwatches' in element: By.id: twotabsearchtextbox
2025-08-03 20:10:36.176 [INFO] [TestNG-PoolService-1] [LogUtil] - Search term entered successfully
2025-08-03 20:10:36.178 [INFO] [TestNG-PoolService-1] [LogUtil] - STEP: Click on the search button
2025-08-03 20:10:36.178 [INFO] [TestNG-PoolService-1] [LogUtil] - Clicking search button
2025-08-03 20:10:39.349 [INFO] [TestNG-PoolService-1] [LogUtil] - Clicked on element: By.id: nav-search-submit-button
2025-08-03 20:10:39.350 [INFO] [TestNG-PoolService-1] [LogUtil] - Search button clicked successfully
2025-08-03 20:10:39.352 [INFO] [TestNG-PoolService-1] [LogUtil] - STEP: Verify search results are displayed
2025-08-03 20:10:39.352 [INFO] [TestNG-PoolService-1] [LogUtil] - Checking if search results are displayed
2025-08-03 20:10:39.620 [INFO] [TestNG-PoolService-1] [LogUtil] - Found 22 elements with locator: By.cssSelector: [data-component-type='s-search-result']
2025-08-03 20:10:39.621 [INFO] [TestNG-PoolService-1] [LogUtil] - Search results displayed: true (Found 22 products)
2025-08-03 20:10:39.622 [INFO] [TestNG-PoolService-1] [LogUtil] - Search results verification successful
2025-08-03 20:10:39.623 [INFO] [TestNG-PoolService-1] [LogUtil] - STEP: Apply brand filter for: Fastrack
2025-08-03 20:10:39.623 [INFO] [TestNG-PoolService-1] [LogUtil] - Applying brand filter for: Fastrack
2025-08-03 20:10:39.702 [INFO] [TestNG-PoolService-1] [LogUtil] - Scrolled to element: By.id: brandsRefinements
2025-08-03 20:10:42.957 [INFO] [TestNG-PoolService-1] [LogUtil] - Clicked on element: By.xpath: //div[@id='brandsRefinements']//span[text()='Fastrack']
2025-08-03 20:10:44.966 [INFO] [TestNG-PoolService-1] [LogUtil] - Brand filter applied successfully for: Fastrack
2025-08-03 20:10:44.968 [INFO] [TestNG-PoolService-1] [LogUtil] - STEP: Set price filter - Min: 1800, Max: 2500
2025-08-03 20:10:44.969 [INFO] [TestNG-PoolService-1] [LogUtil] - Setting price filter: 1800 - 2500
2025-08-03 20:10:48.127 [INFO] [TestNG-PoolService-1] [LogUtil] - Clicked on element: By.xpath: //input[@aria-label='Go - Submit price range']
2025-08-03 20:10:50.501 [INFO] [TestNG-PoolService-1] [LogUtil] - Page refreshed
2025-08-03 20:10:52.504 [INFO] [TestNG-PoolService-1] [LogUtil] - Price filter set successfully
2025-08-03 20:10:52.507 [INFO] [TestNG-PoolService-1] [LogUtil] - STEP: Verify all products are within price range: 1800 - 2500
2025-08-03 20:10:52.508 [INFO] [TestNG-PoolService-1] [LogUtil] - Verifying all products are within price range: 1800 - 2500
2025-08-03 20:10:54.330 [INFO] [TestNG-PoolService-1] [LogUtil] - Price range verification completed. Checked 10 products. All within range: true
2025-08-03 20:10:54.331 [INFO] [TestNG-PoolService-1] [LogUtil] - Price range verification successful
2025-08-03 20:10:54.332 [INFO] [TestNG-PoolService-1] [LogUtil] - STEP: Sort search results by price high to low
2025-08-03 20:10:54.332 [INFO] [TestNG-PoolService-1] [LogUtil] - Sorting by price high to low
2025-08-03 20:10:54.520 [INFO] [TestNG-PoolService-1] [LogUtil] - Clicked on element: By.xpath: //span[contains(@class,'a-dropdown-label')]
2025-08-03 20:10:54.808 [INFO] [TestNG-PoolService-1] [LogUtil] - Clicked on element: By.xpath: //a[contains(text(),'Price: High to Low') or contains(text(),'high to low')]
2025-08-03 20:10:56.817 [INFO] [TestNG-PoolService-1] [LogUtil] - Sorted by price high to low successfully
2025-08-03 20:10:56.819 [INFO] [TestNG-PoolService-1] [LogUtil] - STEP: Click on the product with highest price
2025-08-03 20:10:56.821 [INFO] [TestNG-PoolService-1] [LogUtil] - Clicking on the highest price product
2025-08-03 20:10:57.133 [INFO] [TestNG-PoolService-1] [LogUtil] - Clicked on highest price product successfully
2025-08-03 20:10:57.135 [INFO] [TestNG-PoolService-1] [LogUtil] - STEP: Verify product details page opens in new window
2025-08-03 20:10:57.135 [INFO] [TestNG-PoolService-1] [LogUtil] - Checking if new window is opened
2025-08-03 20:10:57.175 [INFO] [TestNG-PoolService-1] [LogUtil] - New window opened: true (Total windows: 2)
2025-08-03 20:10:57.175 [INFO] [TestNG-PoolService-1] [LogUtil] - New window verification successful
2025-08-03 20:10:57.178 [INFO] [TestNG-PoolService-1] [LogUtil] - STEP: Switch to new product window
2025-08-03 20:10:57.178 [INFO] [TestNG-PoolService-1] [LogUtil] - Switching to new window
2025-08-03 20:10:57.194 [INFO] [TestNG-PoolService-1] [LogUtil] - Switched to window: DFABBAFFF0B361CC1D81B929A9E360AB
2025-08-03 20:10:57.195 [INFO] [TestNG-PoolService-1] [LogUtil] - Switched to new window successfully
2025-08-03 20:10:57.197 [INFO] [TestNG-PoolService-1] [LogUtil] - STEP: Verify product details are displayed
2025-08-03 20:10:57.197 [INFO] [TestNG-PoolService-1] [LogUtil] - Checking if product details are displayed
2025-08-03 20:11:01.118 [INFO] [TestNG-PoolService-1] [LogUtil] - Product details displayed: true
2025-08-03 20:11:01.118 [INFO] [TestNG-PoolService-1] [LogUtil] - Product details verification successful
2025-08-03 20:11:01.120 [INFO] [TestNG-PoolService-1] [LogUtil] - STEP: Add product to cart
2025-08-03 20:11:01.120 [INFO] [TestNG-PoolService-1] [LogUtil] - Adding product to cart
2025-08-03 20:11:01.187 [INFO] [TestNG-PoolService-1] [LogUtil] - Scrolled to element: By.cssSelector: #desktop_qualifiedBuyBox #add-to-cart-button
2025-08-03 20:11:04.100 [INFO] [TestNG-PoolService-1] [LogUtil] - Clicked on element: By.cssSelector: #desktop_qualifiedBuyBox #add-to-cart-button
2025-08-03 20:11:04.100 [INFO] [TestNG-PoolService-1] [LogUtil] - Product added to cart successfully
2025-08-03 20:11:04.101 [INFO] [TestNG-PoolService-1] [LogUtil] - STEP: Verify cart count is updated
2025-08-03 20:11:04.101 [INFO] [TestNG-PoolService-1] [LogUtil] - Checking if cart count is updated
2025-08-03 20:11:04.347 [INFO] [TestNG-PoolService-1] [LogUtil] - Retrieved text '1' from element: By.id: nav-cart-count
2025-08-03 20:11:04.347 [INFO] [TestNG-PoolService-1] [LogUtil] - Cart count: 1, Updated: true
2025-08-03 20:11:04.348 [INFO] [TestNG-PoolService-1] [LogUtil] - Cart count update verification successful
2025-08-03 20:11:04.348 [INFO] [TestNG-PoolService-1] [LogUtil] - STEP: Close new window and return to main window
2025-08-03 20:11:04.349 [INFO] [TestNG-PoolService-1] [LogUtil] - Closing current window and switching to main window
2025-08-03 20:11:04.478 [INFO] [TestNG-PoolService-1] [LogUtil] - Current window closed
2025-08-03 20:11:04.483 [INFO] [TestNG-PoolService-1] [LogUtil] - Switched to window: 66641F70985574E3A442FA32DA9CFB0F
2025-08-03 20:11:04.484 [INFO] [TestNG-PoolService-1] [LogUtil] - Successfully closed product window and returned to main window
2025-08-03 20:11:04.485 [INFO] [TestNG-PoolService-1] [LogUtil] - STEP: Verify back on search results page
2025-08-03 20:11:04.486 [INFO] [TestNG-PoolService-1] [LogUtil] - Checking if search results are displayed
2025-08-03 20:11:04.658 [INFO] [TestNG-PoolService-1] [LogUtil] - Found 24 elements with locator: By.cssSelector: [data-component-type='s-search-result']
2025-08-03 20:11:04.658 [INFO] [TestNG-PoolService-1] [LogUtil] - Search results displayed: true (Found 24 products)
2025-08-03 20:11:04.658 [INFO] [TestNG-PoolService-1] [LogUtil] - Successfully returned to search results page
2025-08-03 20:11:04.659 [INFO] [TestNG-PoolService-1] [LogUtil] - Starting test cleanup for thread: 18
2025-08-03 20:11:05.484 [INFO] [TestNG-PoolService-1] [LogUtil] - Driver closed successfully for thread: 18
2025-08-03 20:11:05.484 [INFO] [TestNG-PoolService-1] [LogUtil] - Download directory cleaned for thread: 18
2025-08-03 20:11:05.484 [INFO] [TestNG-PoolService-1] [LogUtil] - Cleared all page instances for thread: 18
2025-08-03 20:11:05.484 [INFO] [TestNG-PoolService-1] [LogUtil] - Page objects cleared for thread: 18
2025-08-03 20:11:05.484 [INFO] [TestNG-PoolService-1] [LogUtil] - ========== Ending Test: Search and purchase smartwatches from multiple brands ==========
2025-08-03 20:11:05.484 [INFO] [TestNG-PoolService-1] [LogUtil] - Removed ThreadLocal page instances for thread: 18
2025-08-03 20:11:05.484 [INFO] [TestNG-PoolService-1] [LogUtil] - ThreadLocal cleanup completed for thread: 18
2025-08-03 20:11:10.357 [INFO] [main] [LogUtil] - Test statistics collection finalized at: 2025-08-03 20:11:10
2025-08-03 20:11:10.951 [INFO] [main] [LogUtil] - ExtentReports flushed successfully
2025-08-03 20:11:10.951 [INFO] [main] [LogUtil] - ExtentReports flushed successfully
2025-08-03 20:11:10.955 [INFO] [main] [LogUtil] - Parsing Cucumber JSON report from: target/cucumber-reports/json/Cucumber.json
2025-08-03 20:11:11.152 [INFO] [main] [LogUtil] - Starting to parse features from JSON. Found 1 features in the report.
2025-08-03 20:11:11.154 [INFO] [main] [LogUtil] - Processing feature: Amazon Smartwatch Shopping
2025-08-03 20:11:11.158 [INFO] [main] [LogUtil] - Feature 'Amazon Smartwatch Shopping' has 8 elements
2025-08-03 20:11:11.177 [INFO] [main] [LogUtil] - Scenario 'Search and purchase smartwatches from multiple brands' final status: PASSED (Steps - Total: 15, Passed: 15, Failed: 0, Skipped: 0)
2025-08-03 20:11:11.186 [INFO] [main] [LogUtil] - Added Scenario: 'Search and purchase smartwatches from multiple brands' - Status: passed (15/15 steps passed)
2025-08-03 20:11:11.186 [INFO] [main] [LogUtil] - Scenario 'Search and purchase smartwatches from multiple brands' final status: PASSED (Steps - Total: 15, Passed: 15, Failed: 0, Skipped: 0)
2025-08-03 20:11:11.186 [INFO] [main] [LogUtil] - Added Scenario: 'Search and purchase smartwatches from multiple brands' - Status: passed (15/15 steps passed)
2025-08-03 20:11:11.186 [INFO] [main] [LogUtil] - Scenario 'Search and purchase smartwatches from multiple brands' final status: PASSED (Steps - Total: 15, Passed: 15, Failed: 0, Skipped: 0)
2025-08-03 20:11:11.186 [INFO] [main] [LogUtil] - Added Scenario: 'Search and purchase smartwatches from multiple brands' - Status: passed (15/15 steps passed)
2025-08-03 20:11:11.188 [INFO] [main] [LogUtil] - Scenario 'Search and purchase smartwatches from multiple brands' final status: PASSED (Steps - Total: 15, Passed: 15, Failed: 0, Skipped: 0)
2025-08-03 20:11:11.188 [INFO] [main] [LogUtil] - Added Scenario: 'Search and purchase smartwatches from multiple brands' - Status: passed (15/15 steps passed)
2025-08-03 20:11:11.200 [INFO] [main] [LogUtil] - Added feature 'Amazon Smartwatch Shopping' - 4 scenarios, 4 passed (100.0%)
2025-08-03 20:11:11.201 [INFO] [main] [LogUtil] - Total features processed: 1
2025-08-03 20:11:11.212 [INFO] [main] [LogUtil] - Parsed statistics - Features: 1, Scenarios: 4, Passed: 4, Failed: 0, Pass Rate: 100.0%
2025-08-03 20:11:11.218 [INFO] [main] [LogUtil] - Test statistics updated - Total: 4, Passed: 4, Failed: 0, Skipped: 0
2025-08-03 20:11:11.218 [INFO] [main] [LogUtil] - Test statistics collected from actual execution results
2025-08-03 20:11:11.220 [INFO] [main] [LogUtil] - ================================================================================
2025-08-03 20:11:11.220 [INFO] [main] [LogUtil] -                     FINAL TEST EXECUTION STATISTICS
2025-08-03 20:11:11.220 [INFO] [main] [LogUtil] - ================================================================================
2025-08-03 20:11:11.220 [INFO] [main] [LogUtil] - Total Test Cases: 4
2025-08-03 20:11:11.220 [INFO] [main] [LogUtil] - Passed Test Cases: 4
2025-08-03 20:11:11.221 [INFO] [main] [LogUtil] - Failed Test Cases: 0
2025-08-03 20:11:11.221 [INFO] [main] [LogUtil] - Skipped Test Cases: 0
2025-08-03 20:11:11.221 [INFO] [main] [LogUtil] - Pass Percentage: 100.0%
2025-08-03 20:11:11.221 [INFO] [main] [LogUtil] - ================================================================================
2025-08-03 20:11:11.221 [INFO] [main] [LogUtil] - Email reporting is enabled. Attempting to send professional dashboard report...
2025-08-03 20:11:11.235 [INFO] [main] [LogUtil] - Starting professional dashboard email sending process
2025-08-03 20:11:11.235 [INFO] [main] [LogUtil] - Parsing Cucumber JSON report from: target/cucumber-reports/json/Cucumber.json
2025-08-03 20:11:11.240 [INFO] [main] [LogUtil] - Starting to parse features from JSON. Found 1 features in the report.
2025-08-03 20:11:11.240 [INFO] [main] [LogUtil] - Processing feature: Amazon Smartwatch Shopping
2025-08-03 20:11:11.240 [INFO] [main] [LogUtil] - Feature 'Amazon Smartwatch Shopping' has 8 elements
2025-08-03 20:11:11.240 [INFO] [main] [LogUtil] - Scenario 'Search and purchase smartwatches from multiple brands' final status: PASSED (Steps - Total: 15, Passed: 15, Failed: 0, Skipped: 0)
2025-08-03 20:11:11.240 [INFO] [main] [LogUtil] - Added Scenario: 'Search and purchase smartwatches from multiple brands' - Status: passed (15/15 steps passed)
2025-08-03 20:11:11.240 [INFO] [main] [LogUtil] - Scenario 'Search and purchase smartwatches from multiple brands' final status: PASSED (Steps - Total: 15, Passed: 15, Failed: 0, Skipped: 0)
2025-08-03 20:11:11.240 [INFO] [main] [LogUtil] - Added Scenario: 'Search and purchase smartwatches from multiple brands' - Status: passed (15/15 steps passed)
2025-08-03 20:11:11.240 [INFO] [main] [LogUtil] - Scenario 'Search and purchase smartwatches from multiple brands' final status: PASSED (Steps - Total: 15, Passed: 15, Failed: 0, Skipped: 0)
2025-08-03 20:11:11.240 [INFO] [main] [LogUtil] - Added Scenario: 'Search and purchase smartwatches from multiple brands' - Status: passed (15/15 steps passed)
2025-08-03 20:11:11.240 [INFO] [main] [LogUtil] - Scenario 'Search and purchase smartwatches from multiple brands' final status: PASSED (Steps - Total: 15, Passed: 15, Failed: 0, Skipped: 0)
2025-08-03 20:11:11.240 [INFO] [main] [LogUtil] - Added Scenario: 'Search and purchase smartwatches from multiple brands' - Status: passed (15/15 steps passed)
2025-08-03 20:11:11.241 [INFO] [main] [LogUtil] - Added feature 'Amazon Smartwatch Shopping' - 4 scenarios, 4 passed (100.0%)
2025-08-03 20:11:11.241 [INFO] [main] [LogUtil] - Total features processed: 1
2025-08-03 20:11:11.241 [INFO] [main] [LogUtil] - Parsed statistics - Features: 1, Scenarios: 4, Passed: 4, Failed: 0, Pass Rate: 100.0%
2025-08-03 20:11:11.245 [INFO] [main] [LogUtil] - Report file size: 52.5 KB
2025-08-03 20:11:17.355 [INFO] [main] [LogUtil] - Professional dashboard email sent successfully to: shashikant20100@gmail.com
2025-08-03 20:11:17.368 [INFO] [main] [LogUtil] - Features: 1, Scenarios: 4, Pass Rate: 100.0%
2025-08-03 20:11:17.369 [INFO] [main] [LogUtil] - Report file attached: ExtentReport.html (52.5 KB)
2025-08-03 20:11:17.369 [INFO] [main] [LogUtil] - Professional dashboard email with feature breakdown sent successfully
2025-08-03 20:11:17.371 [INFO] [main] [LogUtil] - Successfully closed all browser instances
2025-08-03 20:11:17.371 [INFO] [main] [LogUtil] - Completed Cucumber Test Execution
